<?xml version="1.0" encoding="UTF-8"?>
<!-- Generated by org.testng.reporters.JUnitReportReporter -->
<testsuite skipped="0" hostname="DESKTOP-MHVBRTF" name="com.myTest.MyFirstCase" tests="1" failures="0" timestamp="2020-04-15T01:14:57 IST" time="0.010" errors="0">
  <testcase name="f" time="0.010" classname="com.myTest.MyFirstCase"/>
  <system-out/>
</testsuite> <!-- com.myTest.MyFirstCase -->
